<?xml version="1.0" encoding="utf-8" standalone="no"?>
<test-results xmlns:xsi="http://www.w3.org/2001/XMLSchema-instance" xsi:noNamespaceSchemaLocation="nunit_schema_2.5.xsd" name="Pester" total="279" errors="0" failures="0" not-run="0" inconclusive="0" ignored="0" skipped="0" invalid="0" date="2026-06-11" time="00:00:03">
  <environment clr-version="9.0.10" platform="Microsoft Windows 11 Pro|C:\WINDOWS|\Device\Harddisk0\Partition3" nunit-version="2.5.8.0" user-domain="MARKSWORKPC" user="markd" cwd="C:\Development\GitHub\ImperionCRM_LocalPipelineEnrichment" os-version="10.0.26200" machine-name="MARKSWORKPC" />
  <culture-info current-culture="en-US" current-uiculture="en-US" />
  <test-suite type="TestFixture" name="Pester" executed="True" result="Success" success="True" time="47.2172" asserts="0" description="Pester">
    <results>
      <test-suite type="TestFixture" name="C:\Development\GitHub\ImperionCRM_LocalPipelineEnrichment\tests\Connect-ImperionSecretStore.Tests.ps1" executed="True" result="Success" success="True" time="2.0219" asserts="0" description="C:\Development\GitHub\ImperionCRM_LocalPipelineEnrichment\tests\Connect-ImperionSecretStore.Tests.ps1">
        <results>
          <test-suite type="TestFixture" name="Connect-ImperionSecretStore" executed="True" result="Success" success="True" time="0.7108" asserts="0" description="Connect-ImperionSecretStore">
            <results>
              <test-case description="CMS-decrypts the vault password and unlocks the SecretStore" name="Connect-ImperionSecretStore.CMS-decrypts the vault password and unlocks the SecretStore" time="0.5677" asserts="0" success="True" result="Success" executed="True" />
              <test-case description="throws an actionable error when the CMS password file is missing" name="Connect-ImperionSecretStore.throws an actionable error when the CMS password file is missing" time="0.0663" asserts="0" success="True" result="Success" executed="True" />
            </results>
          </test-suite>
        </results>
      </test-suite>
      <test-suite type="TestFixture" name="C:\Development\GitHub\ImperionCRM_LocalPipelineEnrichment\tests\Get-ImperionAccessToken.Tests.ps1" executed="True" result="Success" success="True" time="1.5997" asserts="0" description="C:\Development\GitHub\ImperionCRM_LocalPipelineEnrichment\tests\Get-ImperionAccessToken.Tests.ps1">
        <results>
          <test-suite type="TestFixture" name="Get-ImperionAccessToken" executed="True" result="Success" success="True" time="0.2859" asserts="0" description="Get-ImperionAccessToken">
            <results>
              <test-case description="acquires a token and returns its access token" name="Get-ImperionAccessToken.acquires a token and returns its access token" time="0.1156" asserts="0" success="True" result="Success" executed="True" />
              <test-case description="caches per (tenant, resource) so a second call does not re-acquire" name="Get-ImperionAccessToken.caches per (tenant, resource) so a second call does not re-acquire" time="0.0385" asserts="0" success="True" result="Success" executed="True" />
              <test-case description="acquires separately for a different tenant or resource" name="Get-ImperionAccessToken.acquires separately for a different tenant or resource" time="0.0396" asserts="0" success="True" result="Success" executed="True" />
              <test-case description="re-acquires when the cached token is near expiry" name="Get-ImperionAccessToken.re-acquires when the cached token is near expiry" time="0.0359" asserts="0" success="True" result="Success" executed="True" />
              <test-case description="throws when the certificate has no accessible private key" name="Get-ImperionAccessToken.throws when the certificate has no accessible private key" time="0.0522" asserts="0" success="True" result="Success" executed="True" />
            </results>
          </test-suite>
        </results>
      </test-suite>
      <test-suite type="TestFixture" name="C:\Development\GitHub\ImperionCRM_LocalPipelineEnrichment\tests\Get-ImperionAutotaskCompany.Tests.ps1" executed="True" result="Success" success="True" time="0.8068" asserts="0" description="C:\Development\GitHub\ImperionCRM_LocalPipelineEnrichment\tests\Get-ImperionAutotaskCompany.Tests.ps1">
        <results>
          <test-suite type="TestFixture" name="Get-ImperionAutotaskCompany" executed="True" result="Success" success="True" time="0.3643" asserts="0" description="Get-ImperionAutotaskCompany">
            <results>
              <test-case description="flattens companies to the standard bronze envelope" name="Get-ImperionAutotaskCompany.flattens companies to the standard bronze envelope" time="0.2316" asserts="0" success="True" result="Success" executed="True" />
              <test-case description="does not throw when a company omits optional fields" name="Get-ImperionAutotaskCompany.does not throw when a company omits optional fields" time="0.0661" asserts="0" success="True" result="Success" executed="True" />
              <test-case description="queries the Companies entity with an incremental filter when -SinceDays is given" name="Get-ImperionAutotaskCompany.queries the Companies entity with an incremental filter when -SinceDays is given" time="0.0627" asserts="0" success="True" result="Success" executed="True" />
            </results>
          </test-suite>
        </results>
      </test-suite>
      <test-suite type="TestFixture" name="C:\Development\GitHub\ImperionCRM_LocalPipelineEnrichment\tests\Get-ImperionAutotaskContact.Tests.ps1" executed="True" result="Success" success="True" time="0.6063" asserts="0" description="C:\Development\GitHub\ImperionCRM_LocalPipelineEnrichment\tests\Get-ImperionAutotaskContact.Tests.ps1">
        <results>
          <test-suite type="TestFixture" name="Get-ImperionAutotaskContact" executed="True" result="Success" success="True" time="0.1787" asserts="0" description="Get-ImperionAutotaskContact">
            <results>
              <test-case description="flattens contacts to the standard bronze envelope" name="Get-ImperionAutotaskContact.flattens contacts to the standard bronze envelope" time="0.0903" asserts="0" success="True" result="Success" executed="True" />
              <test-case description="does not throw when a contact omits optional fields" name="Get-ImperionAutotaskContact.does not throw when a contact omits optional fields" time="0.0484" asserts="0" success="True" result="Success" executed="True" />
              <test-case description="queries the Contacts entity with an incremental filter when -SinceDays is given" name="Get-ImperionAutotaskContact.queries the Contacts entity with an incremental filter when -SinceDays is given" time="0.0367" asserts="0" success="True" result="Success" executed="True" />
            </results>
          </test-suite>
        </results>
      </test-suite>
      <test-suite type="TestFixture" name="C:\Development\GitHub\ImperionCRM_LocalPipelineEnrichment\tests\Get-ImperionAutotaskContext.Tests.ps1" executed="True" result="Success" success="True" time="0.4883" asserts="0" description="C:\Development\GitHub\ImperionCRM_LocalPipelineEnrichment\tests\Get-ImperionAutotaskContext.Tests.ps1">
        <results>
          <test-suite type="TestFixture" name="Get-ImperionAutotaskContext" executed="True" result="Success" success="True" time="0.0607" asserts="0" description="Get-ImperionAutotaskContext">
            <results>
              <test-case description="maps the secret names to Autotask auth headers and resolves the zone" name="Get-ImperionAutotaskContext.maps the secret names to Autotask auth headers and resolves the zone" time="0.0575" asserts="0" success="True" result="Success" executed="True" />
            </results>
          </test-suite>
        </results>
      </test-suite>
      <test-suite type="TestFixture" name="C:\Development\GitHub\ImperionCRM_LocalPipelineEnrichment\tests\Get-ImperionAutotaskContract.Tests.ps1" executed="True" result="Success" success="True" time="0.5681" asserts="0" description="C:\Development\GitHub\ImperionCRM_LocalPipelineEnrichment\tests\Get-ImperionAutotaskContract.Tests.ps1">
        <results>
          <test-suite type="TestFixture" name="Get-ImperionAutotaskContract" executed="True" result="Success" success="True" time="0.141" asserts="0" description="Get-ImperionAutotaskContract">
            <results>
              <test-case description="flattens contracts to the standard bronze envelope" name="Get-ImperionAutotaskContract.flattens contracts to the standard bronze envelope" time="0.0541" asserts="0" success="True" result="Success" executed="True" />
              <test-case description="does not throw when a contract omits optional fields" name="Get-ImperionAutotaskContract.does not throw when a contract omits optional fields" time="0.0476" asserts="0" success="True" result="Success" executed="True" />
              <test-case description="queries Contracts incrementally on lastModifiedDateTime when -SinceDays is given" name="Get-ImperionAutotaskContract.queries Contracts incrementally on lastModifiedDateTime when -SinceDays is given" time="0.0361" asserts="0" success="True" result="Success" executed="True" />
            </results>
          </test-suite>
        </results>
      </test-suite>
      <test-suite type="TestFixture" name="C:\Development\GitHub\ImperionCRM_LocalPipelineEnrichment\tests\Get-ImperionAutotaskTicket.Tests.ps1" executed="True" result="Success" success="True" time="0.5558" asserts="0" description="C:\Development\GitHub\ImperionCRM_LocalPipelineEnrichment\tests\Get-ImperionAutotaskTicket.Tests.ps1">
        <results>
          <test-suite type="TestFixture" name="Get-ImperionAutotaskTicket" executed="True" result="Success" success="True" time="0.1351" asserts="0" description="Get-ImperionAutotaskTicket">
            <results>
              <test-case description="flattens tickets to the standard bronze envelope" name="Get-ImperionAutotaskTicket.flattens tickets to the standard bronze envelope" time="0.0526" asserts="0" success="True" result="Success" executed="True" />
              <test-case description="does not throw when a ticket omits optional fields" name="Get-ImperionAutotaskTicket.does not throw when a ticket omits optional fields" time="0.0425" asserts="0" success="True" result="Success" executed="True" />
              <test-case description="queries Tickets incrementally on lastActivityDate when -SinceDays is given" name="Get-ImperionAutotaskTicket.queries Tickets incrementally on lastActivityDate when -SinceDays is given" time="0.037" asserts="0" success="True" result="Success" executed="True" />
            </results>
          </test-suite>
        </results>
      </test-suite>
      <test-suite type="TestFixture" name="C:\Development\GitHub\ImperionCRM_LocalPipelineEnrichment\tests\Get-ImperionAutotaskZone.Tests.ps1" executed="True" result="Success" success="True" time="0.6483" asserts="0" description="C:\Development\GitHub\ImperionCRM_LocalPipelineEnrichment\tests\Get-ImperionAutotaskZone.Tests.ps1">
        <results>
          <test-suite type="TestFixture" name="Get-ImperionAutotaskZone" executed="True" result="Success" success="True" time="0.227" asserts="0" description="Get-ImperionAutotaskZone">
            <results>
              <test-case description="returns the discovered zone url with the /V1.0 suffix" name="Get-ImperionAutotaskZone.returns the discovered zone url with the /V1.0 suffix" time="0.0661" asserts="0" success="True" result="Success" executed="True" />
              <test-case description="escapes the user name into the discovery query string" name="Get-ImperionAutotaskZone.escapes the user name into the discovery query string" time="0.0431" asserts="0" success="True" result="Success" executed="True" />
              <test-case description="caches per user so discovery runs only once" name="Get-ImperionAutotaskZone.caches per user so discovery runs only once" time="0.0348" asserts="0" success="True" result="Success" executed="True" />
              <test-case description="throws when zoneInformation returns no url (null value)" name="Get-ImperionAutotaskZone.throws when zoneInformation returns no url (null value)" time="0.0388" asserts="0" success="True" result="Success" executed="True" />
              <test-case description="throws (not a StrictMode error) when the body omits url entirely" name="Get-ImperionAutotaskZone.throws (not a StrictMode error) when the body omits url entirely" time="0.0412" asserts="0" success="True" result="Success" executed="True" />
            </results>
          </test-suite>
        </results>
      </test-suite>
      <test-suite type="TestFixture" name="C:\Development\GitHub\ImperionCRM_LocalPipelineEnrichment\tests\Get-ImperionAzureResource.Tests.ps1" executed="True" result="Success" success="True" time="0.6412" asserts="0" description="C:\Development\GitHub\ImperionCRM_LocalPipelineEnrichment\tests\Get-ImperionAzureResource.Tests.ps1">
        <results>
          <test-suite type="TestFixture" name="Get-ImperionAzureResource" executed="True" result="Success" success="True" time="0.2228" asserts="0" description="Get-ImperionAzureResource">
            <results>
              <test-case description="flattens resources, parses the resource group from the id, and joins tags" name="Get-ImperionAzureResource.flattens resources, parses the resource group from the id, and joins tags" time="0.1352" asserts="0" success="True" result="Success" executed="True" />
              <test-case description="does not throw when a resource has no tags or sku" name="Get-ImperionAzureResource.does not throw when a resource has no tags or sku" time="0.049" asserts="0" success="True" result="Success" executed="True" />
              <test-case description="queries the subscription resources path" name="Get-ImperionAzureResource.queries the subscription resources path" time="0.0357" asserts="0" success="True" result="Success" executed="True" />
            </results>
          </test-suite>
        </results>
      </test-suite>
      <test-suite type="TestFixture" name="C:\Development\GitHub\ImperionCRM_LocalPipelineEnrichment\tests\Get-ImperionAzureResourceGroup.Tests.ps1" executed="True" result="Success" success="True" time="0.6126" asserts="0" description="C:\Development\GitHub\ImperionCRM_LocalPipelineEnrichment\tests\Get-ImperionAzureResourceGroup.Tests.ps1">
        <results>
          <test-suite type="TestFixture" name="ConvertTo-ImperionTagString" executed="True" result="Success" success="True" time="0.0438" asserts="0" description="ConvertTo-ImperionTagString">
            <results>
              <test-case description="flattens a tags object to k=v; k=v" name="ConvertTo-ImperionTagString.flattens a tags object to k=v; k=v" time="0.0221" asserts="0" success="True" result="Success" executed="True" />
              <test-case description="returns $null for no tags" name="ConvertTo-ImperionTagString.returns $null for no tags" time="0.0189" asserts="0" success="True" result="Success" executed="True" />
            </results>
          </test-suite>
          <test-suite type="TestFixture" name="Get-ImperionAzureResourceGroup" executed="True" result="Success" success="True" time="0.1811" asserts="0" description="Get-ImperionAzureResourceGroup">
            <results>
              <test-case description="flattens resource groups (with tags) to the bronze envelope" name="Get-ImperionAzureResourceGroup.flattens resource groups (with tags) to the bronze envelope" time="0.0471" asserts="0" success="True" result="Success" executed="True" />
              <test-case description="does not throw when a resource group has no tags" name="Get-ImperionAzureResourceGroup.does not throw when a resource group has no tags" time="0.0476" asserts="0" success="True" result="Success" executed="True" />
              <test-case description="queries the subscription resourcegroups path" name="Get-ImperionAzureResourceGroup.queries the subscription resourcegroups path" time="0.0396" asserts="0" success="True" result="Success" executed="True" />
            </results>
          </test-suite>
        </results>
      </test-suite>
      <test-suite type="TestFixture" name="C:\Development\GitHub\ImperionCRM_LocalPipelineEnrichment\tests\Get-ImperionAzureSubscription.Tests.ps1" executed="True" result="Success" success="True" time="0.5413" asserts="0" description="C:\Development\GitHub\ImperionCRM_LocalPipelineEnrichment\tests\Get-ImperionAzureSubscription.Tests.ps1">
        <results>
          <test-suite type="TestFixture" name="Get-ImperionAzureSubscription" executed="True" result="Success" success="True" time="0.1264" asserts="0" description="Get-ImperionAzureSubscription">
            <results>
              <test-case description="flattens subscriptions to the standard bronze envelope" name="Get-ImperionAzureSubscription.flattens subscriptions to the standard bronze envelope" time="0.0426" asserts="0" success="True" result="Success" executed="True" />
              <test-case description="does not throw when a subscription omits subscriptionPolicies" name="Get-ImperionAzureSubscription.does not throw when a subscription omits subscriptionPolicies" time="0.0463" asserts="0" success="True" result="Success" executed="True" />
              <test-case description="requests the subscriptions ARM path" name="Get-ImperionAzureSubscription.requests the subscriptions ARM path" time="0.0343" asserts="0" success="True" result="Success" executed="True" />
            </results>
          </test-suite>
        </results>
      </test-suite>
      <test-suite type="TestFixture" name="C:\Development\GitHub\ImperionCRM_LocalPipelineEnrichment\tests\Get-ImperionDarkWebIdCompromise.Tests.ps1" executed="True" result="Success" success="True" time="0.5808" asserts="0" description="C:\Development\GitHub\ImperionCRM_LocalPipelineEnrichment\tests\Get-ImperionDarkWebIdCompromise.Tests.ps1">
        <results>
          <test-suite type="TestFixture" name="Get-ImperionDarkWebIdCompromise" executed="True" result="Success" success="True" time="0.1689" asserts="0" description="Get-ImperionDarkWebIdCompromise">
            <results>
              <test-case description="flattens compromises to the bronze envelope (source darkwebid) and joins exposedData" name="Get-ImperionDarkWebIdCompromise.flattens compromises to the bronze envelope (source darkwebid) and joins exposedData" time="0.0894" asserts="0" success="True" result="Success" executed="True" />
              <test-case description="does not throw when a compromise omits exposedData" name="Get-ImperionDarkWebIdCompromise.does not throw when a compromise omits exposedData" time="0.0427" asserts="0" success="True" result="Success" executed="True" />
              <test-case description="scopes the query to a domain when -Domain is given" name="Get-ImperionDarkWebIdCompromise.scopes the query to a domain when -Domain is given" time="0.034" asserts="0" success="True" result="Success" executed="True" />
            </results>
          </test-suite>
        </results>
      </test-suite>
      <test-suite type="TestFixture" name="C:\Development\GitHub\ImperionCRM_LocalPipelineEnrichment\tests\Get-ImperionITGlueConfiguration.Tests.ps1" executed="True" result="Success" success="True" time="0.6037" asserts="0" description="C:\Development\GitHub\ImperionCRM_LocalPipelineEnrichment\tests\Get-ImperionITGlueConfiguration.Tests.ps1">
        <results>
          <test-suite type="TestFixture" name="Get-ImperionITGlueConfiguration" executed="True" result="Success" success="True" time="0.198" asserts="0" description="Get-ImperionITGlueConfiguration">
            <results>
              <test-case description="flattens configuration (device) attributes to the bronze envelope" name="Get-ImperionITGlueConfiguration.flattens configuration (device) attributes to the bronze envelope" time="0.1067" asserts="0" success="True" result="Success" executed="True" />
              <test-case description="does not throw when a configuration omits optional attributes" name="Get-ImperionITGlueConfiguration.does not throw when a configuration omits optional attributes" time="0.0481" asserts="0" success="True" result="Success" executed="True" />
              <test-case description="requests the configurations endpoint" name="Get-ImperionITGlueConfiguration.requests the configurations endpoint" time="0.0404" asserts="0" success="True" result="Success" executed="True" />
            </results>
          </test-suite>
        </results>
      </test-suite>
      <test-suite type="TestFixture" name="C:\Development\GitHub\ImperionCRM_LocalPipelineEnrichment\tests\Get-ImperionITGlueContact.Tests.ps1" executed="True" result="Success" success="True" time="0.5645" asserts="0" description="C:\Development\GitHub\ImperionCRM_LocalPipelineEnrichment\tests\Get-ImperionITGlueContact.Tests.ps1">
        <results>
          <test-suite type="TestFixture" name="Get-ImperionITGlueContact" executed="True" result="Success" success="True" time="0.1564" asserts="0" description="Get-ImperionITGlueContact">
            <results>
              <test-case description="flattens contact attributes and joins the contact-emails array" name="Get-ImperionITGlueContact.flattens contact attributes and joins the contact-emails array" time="0.0697" asserts="0" success="True" result="Success" executed="True" />
              <test-case description="does not throw when a contact has no emails" name="Get-ImperionITGlueContact.does not throw when a contact has no emails" time="0.0471" asserts="0" success="True" result="Success" executed="True" />
              <test-case description="requests the contacts endpoint" name="Get-ImperionITGlueContact.requests the contacts endpoint" time="0.0369" asserts="0" success="True" result="Success" executed="True" />
            </results>
          </test-suite>
        </results>
      </test-suite>
      <test-suite type="TestFixture" name="C:\Development\GitHub\ImperionCRM_LocalPipelineEnrichment\tests\Get-ImperionITGlueOrganization.Tests.ps1" executed="True" result="Success" success="True" time="0.5349" asserts="0" description="C:\Development\GitHub\ImperionCRM_LocalPipelineEnrichment\tests\Get-ImperionITGlueOrganization.Tests.ps1">
        <results>
          <test-suite type="TestFixture" name="Get-ImperionITGlueOrganization" executed="True" result="Success" success="True" time="0.133" asserts="0" description="Get-ImperionITGlueOrganization">
            <results>
              <test-case description="flattens organization attributes to the bronze envelope" name="Get-ImperionITGlueOrganization.flattens organization attributes to the bronze envelope" time="0.0439" asserts="0" success="True" result="Success" executed="True" />
              <test-case description="does not throw when an organization omits optional attributes" name="Get-ImperionITGlueOrganization.does not throw when an organization omits optional attributes" time="0.0479" asserts="0" success="True" result="Success" executed="True" />
              <test-case description="requests the organizations endpoint with the configured base + api key" name="Get-ImperionITGlueOrganization.requests the organizations endpoint with the configured base + api key" time="0.0385" asserts="0" success="True" result="Success" executed="True" />
            </results>
          </test-suite>
        </results>
      </test-suite>
      <test-suite type="TestFixture" name="C:\Development\GitHub\ImperionCRM_LocalPipelineEnrichment\tests\Get-ImperionKeyVaultSecret.Tests.ps1" executed="True" result="Success" success="True" time="0.617" asserts="0" description="C:\Development\GitHub\ImperionCRM_LocalPipelineEnrichment\tests\Get-ImperionKeyVaultSecret.Tests.ps1">
        <results>
          <test-suite type="TestFixture" name="Get-ImperionKeyVaultSecret" executed="True" result="Success" success="True" time="0.1968" asserts="0" description="Get-ImperionKeyVaultSecret">
            <results>
              <test-case description="reads a secret from the configured vault and returns its value" name="Get-ImperionKeyVaultSecret.reads a secret from the configured vault and returns its value" time="0.0705" asserts="0" success="True" result="Success" executed="True" />
              <test-case description="honours an explicit -VaultUri over config" name="Get-ImperionKeyVaultSecret.honours an explicit -VaultUri over config" time="0.0465" asserts="0" success="True" result="Success" executed="True" />
              <test-case description="throws when no vault URI is available" name="Get-ImperionKeyVaultSecret.throws when no vault URI is available" time="0.0392" asserts="0" success="True" result="Success" executed="True" />
              <test-case description="throws when the secret has no value" name="Get-ImperionKeyVaultSecret.throws when the secret has no value" time="0.0362" asserts="0" success="True" result="Success" executed="True" />
            </results>
          </test-suite>
        </results>
      </test-suite>
      <test-suite type="TestFixture" name="C:\Development\GitHub\ImperionCRM_LocalPipelineEnrichment\tests\Get-ImperionKnowledgeAccount.Tests.ps1" executed="True" result="Success" success="True" time="0.6502" asserts="0" description="C:\Development\GitHub\ImperionCRM_LocalPipelineEnrichment\tests\Get-ImperionKnowledgeAccount.Tests.ps1">
        <results>
          <test-suite type="TestFixture" name="Get-ImperionKnowledgeAccount" executed="True" result="Success" success="True" time="0.2316" asserts="0" description="Get-ImperionKnowledgeAccount">
            <results>
              <test-case description="composes one knowledge_object row per account with the gold envelope" name="Get-ImperionKnowledgeAccount.composes one knowledge_object row per account with the gold envelope" time="0.1332" asserts="0" success="True" result="Success" executed="True" />
              <test-case description="writes the contacts, opportunities, contracts, and tickets into the body text" name="Get-ImperionKnowledgeAccount.writes the contacts, opportunities, contracts, and tickets into the body text" time="0.028" asserts="0" success="True" result="Success" executed="True" />
              <test-case description="produces a stable content hash for unchanged data (idempotency key)" name="Get-ImperionKnowledgeAccount.produces a stable content hash for unchanged data (idempotency key)" time="0.0339" asserts="0" success="True" result="Success" executed="True" />
              <test-case description="returns nothing (and does not throw) when there are no accounts" name="Get-ImperionKnowledgeAccount.returns nothing (and does not throw) when there are no accounts" time="0.0337" asserts="0" success="True" result="Success" executed="True" />
            </results>
          </test-suite>
        </results>
      </test-suite>
      <test-suite type="TestFixture" name="C:\Development\GitHub\ImperionCRM_LocalPipelineEnrichment\tests\Get-ImperionKnowledgeAssessmentArtifact.Tests.ps1" executed="True" result="Success" success="True" time="0.5668" asserts="0" description="C:\Development\GitHub\ImperionCRM_LocalPipelineEnrichment\tests\Get-ImperionKnowledgeAssessmentArtifact.Tests.ps1">
        <results>
          <test-suite type="TestFixture" name="Get-ImperionKnowledgeAssessmentArtifact" executed="True" result="Success" success="True" time="0.1553" asserts="0" description="Get-ImperionKnowledgeAssessmentArtifact">
            <results>
              <test-case description="composes one knowledge_object row per artifact with assessment context" name="Get-ImperionKnowledgeAssessmentArtifact.composes one knowledge_object row per artifact with assessment context" time="0.0619" asserts="0" success="True" result="Success" executed="True" />
              <test-case description="has the knowledge metadata shape and a stable content hash" name="Get-ImperionKnowledgeAssessmentArtifact.has the knowledge metadata shape and a stable content hash" time="0.0305" asserts="0" success="True" result="Success" executed="True" />
              <test-case description="falls back to a generated title when the artifact has none" name="Get-ImperionKnowledgeAssessmentArtifact.falls back to a generated title when the artifact has none" time="0.0352" asserts="0" success="True" result="Success" executed="True" />
              <test-case description="returns nothing (and does not throw) when there are no artifacts" name="Get-ImperionKnowledgeAssessmentArtifact.returns nothing (and does not throw) when there are no artifacts" time="0.0248" asserts="0" success="True" result="Success" executed="True" />
            </results>
          </test-suite>
        </results>
      </test-suite>
      <test-suite type="TestFixture" name="C:\Development\GitHub\ImperionCRM_LocalPipelineEnrichment\tests\Get-ImperionKnowledgeContract.Tests.ps1" executed="True" result="Success" success="True" time="0.4985" asserts="0" description="C:\Development\GitHub\ImperionCRM_LocalPipelineEnrichment\tests\Get-ImperionKnowledgeContract.Tests.ps1">
        <results>
          <test-suite type="TestFixture" name="Get-ImperionKnowledgeContract" executed="True" result="Success" success="True" time="0.088" asserts="0" description="Get-ImperionKnowledgeContract">
            <results>
              <test-case description="composes one knowledge_object row per contract with per-entity granularity" name="Get-ImperionKnowledgeContract.composes one knowledge_object row per contract with per-entity granularity" time="0.0585" asserts="0" success="True" result="Success" executed="True" />
              <test-case description="returns nothing (and does not throw) when bronze is empty" name="Get-ImperionKnowledgeContract.returns nothing (and does not throw) when bronze is empty" time="0.0267" asserts="0" success="True" result="Success" executed="True" />
            </results>
          </test-suite>
        </results>
      </test-suite>
      <test-suite type="TestFixture" name="C:\Development\GitHub\ImperionCRM_LocalPipelineEnrichment\tests\Get-ImperionKnowledgeCredentialExposure.Tests.ps1" executed="True" result="Success" success="True" time="0.5758" asserts="0" description="C:\Development\GitHub\ImperionCRM_LocalPipelineEnrichment\tests\Get-ImperionKnowledgeCredentialExposure.Tests.ps1">
        <results>
          <test-suite type="TestFixture" name="Get-ImperionKnowledgeCredentialExposure" executed="True" result="Success" success="True" time="0.1645" asserts="0" description="Get-ImperionKnowledgeCredentialExposure">
            <results>
              <test-case description="composes one knowledge_object row per exposure with the exposure facts" name="Get-ImperionKnowledgeCredentialExposure.composes one knowledge_object row per exposure with the exposure facts" time="0.0655" asserts="0" success="True" result="Success" executed="True" />
              <test-case description="keeps plaintext credentials out of gold — only the password status word appears" name="Get-ImperionKnowledgeCredentialExposure.keeps plaintext credentials out of gold — only the password status word appears" time="0.0393" asserts="0" success="True" result="Success" executed="True" />
              <test-case description="has the knowledge metadata shape and a stable content hash" name="Get-ImperionKnowledgeCredentialExposure.has the knowledge metadata shape and a stable content hash" time="0.0287" asserts="0" success="True" result="Success" executed="True" />
              <test-case description="returns nothing (and does not throw) when silver is empty" name="Get-ImperionKnowledgeCredentialExposure.returns nothing (and does not throw) when silver is empty" time="0.0277" asserts="0" success="True" result="Success" executed="True" />
            </results>
          </test-suite>
        </results>
      </test-suite>
      <test-suite type="TestFixture" name="C:\Development\GitHub\ImperionCRM_LocalPipelineEnrichment\tests\Get-ImperionKnowledgeDevice.Tests.ps1" executed="True" result="Success" success="True" time="0.5599" asserts="0" description="C:\Development\GitHub\ImperionCRM_LocalPipelineEnrichment\tests\Get-ImperionKnowledgeDevice.Tests.ps1">
        <results>
          <test-suite type="TestFixture" name="Get-ImperionKnowledgeDevice" executed="True" result="Success" success="True" time="0.148" asserts="0" description="Get-ImperionKnowledgeDevice">
            <results>
              <test-case description="composes one knowledge_object row per device across both inventory arms" name="Get-ImperionKnowledgeDevice.composes one knowledge_object row per device across both inventory arms" time="0.0624" asserts="0" success="True" result="Success" executed="True" />
              <test-case description="writes the device facts and inventory origin into the body text" name="Get-ImperionKnowledgeDevice.writes the device facts and inventory origin into the body text" time="0.0266" asserts="0" success="True" result="Success" executed="True" />
              <test-case description="has the knowledge metadata shape and a stable content hash" name="Get-ImperionKnowledgeDevice.has the knowledge metadata shape and a stable content hash" time="0.0303" asserts="0" success="True" result="Success" executed="True" />
              <test-case description="returns nothing (and does not throw) when both arms are empty" name="Get-ImperionKnowledgeDevice.returns nothing (and does not throw) when both arms are empty" time="0.0251" asserts="0" success="True" result="Success" executed="True" />
            </results>
          </test-suite>
        </results>
      </test-suite>
      <test-suite type="TestFixture" name="C:\Development\GitHub\ImperionCRM_LocalPipelineEnrichment\tests\Get-ImperionKnowledgePosture.Tests.ps1" executed="True" result="Success" success="True" time="0.706" asserts="0" description="C:\Development\GitHub\ImperionCRM_LocalPipelineEnrichment\tests\Get-ImperionKnowledgePosture.Tests.ps1">
        <results>
          <test-suite type="TestFixture" name="Get-ImperionKnowledgePosture" executed="True" result="Success" success="True" time="0.3015" asserts="0" description="Get-ImperionKnowledgePosture">
            <results>
              <test-case description="composes one knowledge_object row per tenant, stamped with ITS tenant" name="Get-ImperionKnowledgePosture.composes one knowledge_object row per tenant, stamped with ITS tenant" time="0.1308" asserts="0" success="True" result="Success" executed="True" />
              <test-case description="writes the score, per-type drift counts, and named gaps into the body" name="Get-ImperionKnowledgePosture.writes the score, per-type drift counts, and named gaps into the body" time="0.03" asserts="0" success="True" result="Success" executed="True" />
              <test-case description="degrades gracefully for a tenant with no score and no policies" name="Get-ImperionKnowledgePosture.degrades gracefully for a tenant with no score and no policies" time="0.0332" asserts="0" success="True" result="Success" executed="True" />
              <test-case description="has the knowledge metadata shape and a stable content hash" name="Get-ImperionKnowledgePosture.has the knowledge metadata shape and a stable content hash" time="0.0393" asserts="0" success="True" result="Success" executed="True" />
              <test-case description="restricts to one tenant when -TenantId is passed" name="Get-ImperionKnowledgePosture.restricts to one tenant when -TenantId is passed" time="0.038" asserts="0" success="True" result="Success" executed="True" />
              <test-case description="returns nothing (and does not throw) when no posture bronze exists" name="Get-ImperionKnowledgePosture.returns nothing (and does not throw) when no posture bronze exists" time="0.027" asserts="0" success="True" result="Success" executed="True" />
            </results>
          </test-suite>
        </results>
      </test-suite>
      <test-suite type="TestFixture" name="C:\Development\GitHub\ImperionCRM_LocalPipelineEnrichment\tests\Get-ImperionKnowledgeProposal.Tests.ps1" executed="True" result="Success" success="True" time="0.5586" asserts="0" description="C:\Development\GitHub\ImperionCRM_LocalPipelineEnrichment\tests\Get-ImperionKnowledgeProposal.Tests.ps1">
        <results>
          <test-suite type="TestFixture" name="Get-ImperionKnowledgeProposal" executed="True" result="Success" success="True" time="0.125" asserts="0" description="Get-ImperionKnowledgeProposal">
            <results>
              <test-case description="composes one knowledge_object row per proposal with opportunity/account context" name="Get-ImperionKnowledgeProposal.composes one knowledge_object row per proposal with opportunity/account context" time="0.0654" asserts="0" success="True" result="Success" executed="True" />
              <test-case description="has the knowledge metadata shape and a stable content hash" name="Get-ImperionKnowledgeProposal.has the knowledge metadata shape and a stable content hash" time="0.031" asserts="0" success="True" result="Success" executed="True" />
              <test-case description="returns nothing (and does not throw) when there are no proposals" name="Get-ImperionKnowledgeProposal.returns nothing (and does not throw) when there are no proposals" time="0.0255" asserts="0" success="True" result="Success" executed="True" />
            </results>
          </test-suite>
        </results>
      </test-suite>
      <test-suite type="TestFixture" name="C:\Development\GitHub\ImperionCRM_LocalPipelineEnrichment\tests\Get-ImperionKnowledgeTicket.Tests.ps1" executed="True" result="Success" success="True" time="0.512" asserts="0" description="C:\Development\GitHub\ImperionCRM_LocalPipelineEnrichment\tests\Get-ImperionKnowledgeTicket.Tests.ps1">
        <results>
          <test-suite type="TestFixture" name="Get-ImperionKnowledgeTicket" executed="True" result="Success" success="True" time="0.0871" asserts="0" description="Get-ImperionKnowledgeTicket">
            <results>
              <test-case description="composes one knowledge_object row per ticket including description + resolution" name="Get-ImperionKnowledgeTicket.composes one knowledge_object row per ticket including description + resolution" time="0.0573" asserts="0" success="True" result="Success" executed="True" />
              <test-case description="returns nothing (and does not throw) when bronze is empty" name="Get-ImperionKnowledgeTicket.returns nothing (and does not throw) when bronze is empty" time="0.0272" asserts="0" success="True" result="Success" executed="True" />
            </results>
          </test-suite>
        </results>
      </test-suite>
      <test-suite type="TestFixture" name="C:\Development\GitHub\ImperionCRM_LocalPipelineEnrichment\tests\Get-ImperionM365Device.Tests.ps1" executed="True" result="Success" success="True" time="0.5949" asserts="0" description="C:\Development\GitHub\ImperionCRM_LocalPipelineEnrichment\tests\Get-ImperionM365Device.Tests.ps1">
        <results>
          <test-suite type="TestFixture" name="Get-ImperionM365Device" executed="True" result="Success" success="True" time="0.1806" asserts="0" description="Get-ImperionM365Device">
            <results>
              <test-case description="flattens managed devices to the standard bronze envelope" name="Get-ImperionM365Device.flattens managed devices to the standard bronze envelope" time="0.1" asserts="0" success="True" result="Success" executed="True" />
              <test-case description="does not throw when a device omits optional fields" name="Get-ImperionM365Device.does not throw when a device omits optional fields" time="0.0416" asserts="0" success="True" result="Success" executed="True" />
              <test-case description="collects from the requested tenant via GDAP token" name="Get-ImperionM365Device.collects from the requested tenant via GDAP token" time="0.0361" asserts="0" success="True" result="Success" executed="True" />
            </results>
          </test-suite>
        </results>
      </test-suite>
      <test-suite type="TestFixture" name="C:\Development\GitHub\ImperionCRM_LocalPipelineEnrichment\tests\Get-ImperionM365Mail.Tests.ps1" executed="True" result="Success" success="True" time="0.7118" asserts="0" description="C:\Development\GitHub\ImperionCRM_LocalPipelineEnrichment\tests\Get-ImperionM365Mail.Tests.ps1">
        <results>
          <test-suite type="TestFixture" name="Get-ImperionM365Mail" executed="True" result="Success" success="True" time="0.2788" asserts="0" description="Get-ImperionM365Mail">
            <results>
              <test-case description="keeps only the mail the cross-org filter accepts, and flattens it" name="Get-ImperionM365Mail.keeps only the mail the cross-org filter accepts, and flattens it" time="0.1481" asserts="0" success="True" result="Success" executed="True" />
              <test-case description="keeps client-tenant mail involving @imperionllc.com (ClientTenant mode)" name="Get-ImperionM365Mail.keeps client-tenant mail involving @imperionllc.com (ClientTenant mode)" time="0.0721" asserts="0" success="True" result="Success" executed="True" />
              <test-case description="does not throw on a message missing cc/from and returns nothing when no mail qualifies" name="Get-ImperionM365Mail.does not throw on a message missing cc/from and returns nothing when no mail qualifies" time="0.0558" asserts="0" success="True" result="Success" executed="True" />
            </results>
          </test-suite>
        </results>
      </test-suite>
      <test-suite type="TestFixture" name="C:\Development\GitHub\ImperionCRM_LocalPipelineEnrichment\tests\Get-ImperionM365TeamsChat.Tests.ps1" executed="True" result="Success" success="True" time="0.6211" asserts="0" description="C:\Development\GitHub\ImperionCRM_LocalPipelineEnrichment\tests\Get-ImperionM365TeamsChat.Tests.ps1">
        <results>
          <test-suite type="TestFixture" name="Get-ImperionM365TeamsChat" executed="True" result="Success" success="True" time="0.1833" asserts="0" description="Get-ImperionM365TeamsChat">
            <results>
              <test-case description="keeps only the chats the cross-org filter accepts and flattens them" name="Get-ImperionM365TeamsChat.keeps only the chats the cross-org filter accepts and flattens them" time="0.1014" asserts="0" success="True" result="Success" executed="True" />
              <test-case description="keeps a client-tenant chat that includes @imperionllc.com (real filter, ClientTenant)" name="Get-ImperionM365TeamsChat.keeps a client-tenant chat that includes @imperionllc.com (real filter, ClientTenant)" time="0.038" asserts="0" success="True" result="Success" executed="True" />
              <test-case description="does not throw on a chat with no members" name="Get-ImperionM365TeamsChat.does not throw on a chat with no members" time="0.041" asserts="0" success="True" result="Success" executed="True" />
            </results>
          </test-suite>
        </results>
      </test-suite>
      <test-suite type="TestFixture" name="C:\Development\GitHub\ImperionCRM_LocalPipelineEnrichment\tests\Get-ImperionM365TeamsMeeting.Tests.ps1" executed="True" result="Success" success="True" time="0.5952" asserts="0" description="C:\Development\GitHub\ImperionCRM_LocalPipelineEnrichment\tests\Get-ImperionM365TeamsMeeting.Tests.ps1">
        <results>
          <test-suite type="TestFixture" name="Get-ImperionM365TeamsMeeting" executed="True" result="Success" success="True" time="0.1636" asserts="0" description="Get-ImperionM365TeamsMeeting">
            <results>
              <test-case description="keeps only the meetings the cross-org filter accepts and flattens them" name="Get-ImperionM365TeamsMeeting.keeps only the meetings the cross-org filter accepts and flattens them" time="0.0807" asserts="0" success="True" result="Success" executed="True" />
              <test-case description="keeps a client-tenant meeting that includes @imperionllc.com (real filter, ClientTenant)" name="Get-ImperionM365TeamsMeeting.keeps a client-tenant meeting that includes @imperionllc.com (real filter, ClientTenant)" time="0.0381" asserts="0" success="True" result="Success" executed="True" />
              <test-case description="does not throw on a meeting with no attendees" name="Get-ImperionM365TeamsMeeting.does not throw on a meeting with no attendees" time="0.0418" asserts="0" success="True" result="Success" executed="True" />
            </results>
          </test-suite>
        </results>
      </test-suite>
      <test-suite type="TestFixture" name="C:\Development\GitHub\ImperionCRM_LocalPipelineEnrichment\tests\Get-ImperionM365User.Tests.ps1" executed="True" result="Success" success="True" time="0.5522" asserts="0" description="C:\Development\GitHub\ImperionCRM_LocalPipelineEnrichment\tests\Get-ImperionM365User.Tests.ps1">
        <results>
          <test-suite type="TestFixture" name="Get-ImperionM365User" executed="True" result="Success" success="True" time="0.1336" asserts="0" description="Get-ImperionM365User">
            <results>
              <test-case description="flattens users to the standard bronze envelope and joins businessPhones" name="Get-ImperionM365User.flattens users to the standard bronze envelope and joins businessPhones" time="0.0545" asserts="0" success="True" result="Success" executed="True" />
              <test-case description="does not throw when a user omits optional fields (e.g. no businessPhones)" name="Get-ImperionM365User.does not throw when a user omits optional fields (e.g. no businessPhones)" time="0.0491" asserts="0" success="True" result="Success" executed="True" />
              <test-case description="mints a Graph token for the requested tenant" name="Get-ImperionM365User.mints a Graph token for the requested tenant" time="0.0261" asserts="0" success="True" result="Success" executed="True" />
            </results>
          </test-suite>
        </results>
      </test-suite>
      <test-suite type="TestFixture" name="C:\Development\GitHub\ImperionCRM_LocalPipelineEnrichment\tests\Get-ImperionMember.Tests.ps1" executed="True" result="Success" success="True" time="0.4969" asserts="0" description="C:\Development\GitHub\ImperionCRM_LocalPipelineEnrichment\tests\Get-ImperionMember.Tests.ps1">
        <results>
          <test-suite type="TestFixture" name="Get-ImperionMember" executed="True" result="Success" success="True" time="0.0849" asserts="0" description="Get-ImperionMember">
            <results>
              <test-case description="returns the value of an existing member" name="Get-ImperionMember.returns the value of an existing member" time="0.0184" asserts="0" success="True" result="Success" executed="True" />
              <test-case description="returns $null for a missing member instead of throwing (StrictMode-safe)" name="Get-ImperionMember.returns $null for a missing member instead of throwing (StrictMode-safe)" time="0.0275" asserts="0" success="True" result="Success" executed="True" />
              <test-case description="reads a member name that contains a dot (e.g. @odata.nextLink)" name="Get-ImperionMember.reads a member name that contains a dot (e.g. @odata.nextLink)" time="0.0187" asserts="0" success="True" result="Success" executed="True" />
              <test-case description="returns $null when the input object itself is $null" name="Get-ImperionMember.returns $null when the input object itself is $null" time="0.0174" asserts="0" success="True" result="Success" executed="True" />
            </results>
          </test-suite>
        </results>
      </test-suite>
      <test-suite type="TestFixture" name="C:\Development\GitHub\ImperionCRM_LocalPipelineEnrichment\tests\Get-ImperionPolicyCatalog.Tests.ps1" executed="True" result="Success" success="True" time="0.4676" asserts="0" description="C:\Development\GitHub\ImperionCRM_LocalPipelineEnrichment\tests\Get-ImperionPolicyCatalog.Tests.ps1">
        <results>
          <test-suite type="TestFixture" name="Get-ImperionPolicyCatalog" executed="True" result="Success" success="True" time="0.0511" asserts="0" description="Get-ImperionPolicyCatalog">
            <results>
              <test-case description="returns the five posture policy types with unique keys" name="Get-ImperionPolicyCatalog.returns the five posture policy types with unique keys" time="0.0229" asserts="0" success="True" result="Success" executed="True" />
              <test-case description="each entry has Key/Source/Observed/Golden and golden tables end in _golden" name="Get-ImperionPolicyCatalog.each entry has Key/Source/Observed/Golden and golden tables end in _golden" time="0.0254" asserts="0" success="True" result="Success" executed="True" />
            </results>
          </test-suite>
        </results>
      </test-suite>
      <test-suite type="TestFixture" name="C:\Development\GitHub\ImperionCRM_LocalPipelineEnrichment\tests\Get-ImperionPolicyDrift.Tests.ps1" executed="True" result="Success" success="True" time="0.5248" asserts="0" description="C:\Development\GitHub\ImperionCRM_LocalPipelineEnrichment\tests\Get-ImperionPolicyDrift.Tests.ps1">
        <results>
          <test-suite type="TestFixture" name="Get-ImperionPolicyDrift" executed="True" result="Success" success="True" time="0.1082" asserts="0" description="Get-ImperionPolicyDrift">
            <results>
              <test-case description="classifies one policy type and stamps policy_type on each row" name="Get-ImperionPolicyDrift.classifies one policy type and stamps policy_type on each row" time="0.0393" asserts="0" success="True" result="Success" executed="True" />
              <test-case description="evaluates all five policy types when none is specified" name="Get-ImperionPolicyDrift.evaluates all five policy types when none is specified" time="0.0305" asserts="0" success="True" result="Success" executed="True" />
              <test-case description="passes the tenant id as a parameter (no inline interpolation)" name="Get-ImperionPolicyDrift.passes the tenant id as a parameter (no inline interpolation)" time="0.0354" asserts="0" success="True" result="Success" executed="True" />
            </results>
          </test-suite>
        </results>
      </test-suite>
      <test-suite type="TestFixture" name="C:\Development\GitHub\ImperionCRM_LocalPipelineEnrichment\tests\Get-ImperionPropertyPath.Tests.ps1" executed="True" result="Success" success="True" time="0.6361" asserts="0" description="C:\Development\GitHub\ImperionCRM_LocalPipelineEnrichment\tests\Get-ImperionPropertyPath.Tests.ps1">
        <results>
          <test-suite type="TestFixture" name="Get-ImperionPropertyPath" executed="True" result="Success" success="True" time="0.0889" asserts="0" description="Get-ImperionPropertyPath">
            <results>
              <test-case description="resolves a nested dotted path on objects" name="Get-ImperionPropertyPath.resolves a nested dotted path on objects" time="0.02" asserts="0" success="True" result="Success" executed="True" />
              <test-case description="returns $null (no throw) on a missing hop" name="Get-ImperionPropertyPath.returns $null (no throw) on a missing hop" time="0.0263" asserts="0" success="True" result="Success" executed="True" />
              <test-case description="supports dictionary (hashtable) hops" name="Get-ImperionPropertyPath.supports dictionary (hashtable) hops" time="0.0197" asserts="0" success="True" result="Success" executed="True" />
              <test-case description="returns an array hop as-is" name="Get-ImperionPropertyPath.returns an array hop as-is" time="0.0201" asserts="0" success="True" result="Success" executed="True" />
            </results>
          </test-suite>
          <test-suite type="TestFixture" name="Format-ImperionScalar" executed="True" result="Success" success="True" time="0.2027" asserts="0" description="Format-ImperionScalar">
            <results>
              <test-case description="passes null through as null" name="Format-ImperionScalar.passes null through as null" time="0.0179" asserts="0" success="True" result="Success" executed="True" />
              <test-case description="formats datetime as ISO 8601 round-trip" name="Format-ImperionScalar.formats datetime as ISO 8601 round-trip" time="0.0204" asserts="0" success="True" result="Success" executed="True" />
              <test-case description="lowercases booleans" name="Format-ImperionScalar.lowercases booleans" time="0.0187" asserts="0" success="True" result="Success" executed="True" />
              <test-case description="joins arrays with the standard delimiter" name="Format-ImperionScalar.joins arrays with the standard delimiter" time="0.018" asserts="0" success="True" result="Success" executed="True" />
              <test-case description="serializes a nested object to compact JSON" name="Format-ImperionScalar.serializes a nested object to compact JSON" time="0.0185" asserts="0" success="True" result="Success" executed="True" />
              <test-case description="passes a plain string through unchanged" name="Format-ImperionScalar.passes a plain string through unchanged" time="0.0177" asserts="0" success="True" result="Success" executed="True" />
            </results>
          </test-suite>
        </results>
      </test-suite>
      <test-suite type="TestFixture" name="C:\Development\GitHub\ImperionCRM_LocalPipelineEnrichment\tests\Get-ImperionTelivyReport.Tests.ps1" executed="True" result="Success" success="True" time="0.6003" asserts="0" description="C:\Development\GitHub\ImperionCRM_LocalPipelineEnrichment\tests\Get-ImperionTelivyReport.Tests.ps1">
        <results>
          <test-suite type="TestFixture" name="Get-ImperionTelivyReport" executed="True" result="Success" success="True" time="0.1817" asserts="0" description="Get-ImperionTelivyReport">
            <results>
              <test-case description="flattens reports to the bronze envelope with source televy" name="Get-ImperionTelivyReport.flattens reports to the bronze envelope with source televy" time="0.0934" asserts="0" success="True" result="Success" executed="True" />
              <test-case description="does not throw when a report omits optional fields" name="Get-ImperionTelivyReport.does not throw when a report omits optional fields" time="0.0465" asserts="0" success="True" result="Success" executed="True" />
              <test-case description="sends the Telivy api key and reports path to the connect layer" name="Get-ImperionTelivyReport.sends the Telivy api key and reports path to the connect layer" time="0.0378" asserts="0" success="True" result="Success" executed="True" />
            </results>
          </test-suite>
        </results>
      </test-suite>
      <test-suite type="TestFixture" name="C:\Development\GitHub\ImperionCRM_LocalPipelineEnrichment\tests\Get-ImperionVoyageEmbedding.Tests.ps1" executed="True" result="Success" success="True" time="0.7153" asserts="0" description="C:\Development\GitHub\ImperionCRM_LocalPipelineEnrichment\tests\Get-ImperionVoyageEmbedding.Tests.ps1">
        <results>
          <test-suite type="TestFixture" name="Get-ImperionVoyageEmbedding" executed="True" result="Success" success="True" time="0.3068" asserts="0" description="Get-ImperionVoyageEmbedding">
            <results>
              <test-case description="sends the pinned model, dimension, and input_type" name="Get-ImperionVoyageEmbedding.sends the pinned model, dimension, and input_type" time="0.0689" asserts="0" success="True" result="Success" executed="True" />
              <test-case description="returns one embedding per input, in order, with the billed token total" name="Get-ImperionVoyageEmbedding.returns one embedding per input, in order, with the billed token total" time="0.0234" asserts="0" success="True" result="Success" executed="True" />
              <test-case description="batches inputs beyond the API batch size into multiple calls" name="Get-ImperionVoyageEmbedding.batches inputs beyond the API batch size into multiple calls" time="0.0377" asserts="0" success="True" result="Success" executed="True" />
              <test-case description="refuses a wrong-dimension vector (vector spaces never mix)" name="Get-ImperionVoyageEmbedding.refuses a wrong-dimension vector (vector spaces never mix)" time="0.0386" asserts="0" success="True" result="Success" executed="True" />
              <test-case description="resolves the API key from the SecretStore when the vault is unlocked" name="Get-ImperionVoyageEmbedding.resolves the API key from the SecretStore when the vault is unlocked" time="0.0626" asserts="0" success="True" result="Success" executed="True" />
              <test-case description="falls back to the Key Vault secret when the SecretStore is not unlocked (ADR-0009)" name="Get-ImperionVoyageEmbedding.falls back to the Key Vault secret when the SecretStore is not unlocked (ADR-0009)" time="0.0729" asserts="0" success="True" result="Success" executed="True" />
            </results>
          </test-suite>
        </results>
      </test-suite>
      <test-suite type="TestFixture" name="C:\Development\GitHub\ImperionCRM_LocalPipelineEnrichment\tests\ImperionPipeline.Tests.ps1" executed="True" result="Success" success="True" time="0.4877" asserts="0" description="C:\Development\GitHub\ImperionCRM_LocalPipelineEnrichment\tests\ImperionPipeline.Tests.ps1">
        <results>
          <test-suite type="TestFixture" name="Get-ImperionContentHash" executed="True" result="Success" success="True" time="0.0344" asserts="0" description="Get-ImperionContentHash">
            <results>
              <test-case description="is stable regardless of property order" name="Get-ImperionContentHash.is stable regardless of property order" time="0.0124" asserts="0" success="True" result="Success" executed="True" />
              <test-case description="ignores excluded volatile fields" name="Get-ImperionContentHash.ignores excluded volatile fields" time="0.0095" asserts="0" success="True" result="Success" executed="True" />
              <test-case description="changes when a meaningful field changes" name="Get-ImperionContentHash.changes when a meaningful field changes" time="0.0099" asserts="0" success="True" result="Success" executed="True" />
            </results>
          </test-suite>
          <test-suite type="TestFixture" name="ConvertTo-ImperionFlatObject" executed="True" result="Success" success="True" time="0.081" asserts="0" description="ConvertTo-ImperionFlatObject">
            <results>
              <test-case description="flattens with the standard envelope and a content hash" name="ConvertTo-ImperionFlatObject.flattens with the standard envelope and a content hash" time="0.0126" asserts="0" success="True" result="Success" executed="True" />
              <test-case description="supports scriptblock selectors" name="ConvertTo-ImperionFlatObject.supports scriptblock selectors" time="0.0315" asserts="0" success="True" result="Success" executed="True" />
            </results>
          </test-suite>
        </results>
      </test-suite>
      <test-suite type="TestFixture" name="C:\Development\GitHub\ImperionCRM_LocalPipelineEnrichment\tests\Initialize-ImperionContext.Tests.ps1" executed="True" result="Success" success="True" time="0.5381" asserts="0" description="C:\Development\GitHub\ImperionCRM_LocalPipelineEnrichment\tests\Initialize-ImperionContext.Tests.ps1">
        <results>
          <test-suite type="TestFixture" name="Initialize-ImperionContext" executed="True" result="Success" success="True" time="0.1407" asserts="0" description="Initialize-ImperionContext">
            <results>
              <test-case description="loads config, sets runtime paths, and unlocks the SecretStore" name="Initialize-ImperionContext.loads config, sets runtime paths, and unlocks the SecretStore" time="0.1079" asserts="0" success="True" result="Success" executed="True" />
              <test-case description="throws an actionable error when the config file is missing" name="Initialize-ImperionContext.throws an actionable error when the config file is missing" time="0.0302" asserts="0" success="True" result="Success" executed="True" />
            </results>
          </test-suite>
        </results>
      </test-suite>
      <test-suite type="TestFixture" name="C:\Development\GitHub\ImperionCRM_LocalPipelineEnrichment\tests\Initialize-ImperionNpgsql.Tests.ps1" executed="True" result="Success" success="True" time="0.4465" asserts="0" description="C:\Development\GitHub\ImperionCRM_LocalPipelineEnrichment\tests\Initialize-ImperionNpgsql.Tests.ps1">
        <results>
          <test-suite type="TestFixture" name="Initialize-ImperionNpgsql" executed="True" result="Success" success="True" time="0.0407" asserts="0" description="Initialize-ImperionNpgsql">
            <results>
              <test-case description="throws an actionable error when no Npgsql assembly can be loaded" name="Initialize-ImperionNpgsql.throws an actionable error when no Npgsql assembly can be loaded" time="0.0381" asserts="0" success="True" result="Success" executed="True" />
            </results>
          </test-suite>
        </results>
      </test-suite>
      <test-suite type="TestFixture" name="C:\Development\GitHub\ImperionCRM_LocalPipelineEnrichment\tests\Initialize-ImperionUnattended.Tests.ps1" executed="True" result="Success" success="True" time="0.6214" asserts="0" description="C:\Development\GitHub\ImperionCRM_LocalPipelineEnrichment\tests\Initialize-ImperionUnattended.Tests.ps1">
        <results>
          <test-suite type="TestFixture" name="Initialize-ImperionUnattended" executed="True" result="Success" success="True" time="0.1567" asserts="0" description="Initialize-ImperionUnattended">
            <results>
              <test-case description="gates the vault config + CMS write behind ShouldProcess (nothing under -WhatIf)" name="Initialize-ImperionUnattended.gates the vault config + CMS write behind ShouldProcess (nothing under -WhatIf)" time="0.1127" asserts="0" success="True" result="Success" executed="True" />
              <test-case description="surfaces a missing certificate (Get-Item -ErrorAction Stop)" name="Initialize-ImperionUnattended.surfaces a missing certificate (Get-Item -ErrorAction Stop)" time="0.0414" asserts="0" success="True" result="Success" executed="True" />
            </results>
          </test-suite>
        </results>
      </test-suite>
      <test-suite type="TestFixture" name="C:\Development\GitHub\ImperionCRM_LocalPipelineEnrichment\tests\Invoke-ImperionArmRequest.Tests.ps1" executed="True" result="Success" success="True" time="0.5603" asserts="0" description="C:\Development\GitHub\ImperionCRM_LocalPipelineEnrichment\tests\Invoke-ImperionArmRequest.Tests.ps1">
        <results>
          <test-suite type="TestFixture" name="Invoke-ImperionArmRequest" executed="True" result="Success" success="True" time="0.1486" asserts="0" description="Invoke-ImperionArmRequest">
            <results>
              <test-case description="returns all items and follows nextLink across pages" name="Invoke-ImperionArmRequest.returns all items and follows nextLink across pages" time="0.0455" asserts="0" success="True" result="Success" executed="True" />
              <test-case description="does not throw when the body has no value or nextLink (single resource)" name="Invoke-ImperionArmRequest.does not throw when the body has no value or nextLink (single resource)" time="0.03" asserts="0" success="True" result="Success" executed="True" />
              <test-case description="expands a relative path to the management base and sends the bearer token" name="Invoke-ImperionArmRequest.expands a relative path to the management base and sends the bearer token" time="0.0392" asserts="0" success="True" result="Success" executed="True" />
              <test-case description="passes a full URL through unchanged" name="Invoke-ImperionArmRequest.passes a full URL through unchanged" time="0.0313" asserts="0" success="True" result="Success" executed="True" />
            </results>
          </test-suite>
        </results>
      </test-suite>
      <test-suite type="TestFixture" name="C:\Development\GitHub\ImperionCRM_LocalPipelineEnrichment\tests\Invoke-ImperionAutotaskRequest.Tests.ps1" executed="True" result="Success" success="True" time="0.5665" asserts="0" description="C:\Development\GitHub\ImperionCRM_LocalPipelineEnrichment\tests\Invoke-ImperionAutotaskRequest.Tests.ps1">
        <results>
          <test-suite type="TestFixture" name="Invoke-ImperionAutotaskRequest" executed="True" result="Success" success="True" time="0.151" asserts="0" description="Invoke-ImperionAutotaskRequest">
            <results>
              <test-case description="returns all items and follows pageDetails.nextPageUrl across pages" name="Invoke-ImperionAutotaskRequest.returns all items and follows pageDetails.nextPageUrl across pages" time="0.0395" asserts="0" success="True" result="Success" executed="True" />
              <test-case description="builds the query path with an url-encoded search filter" name="Invoke-ImperionAutotaskRequest.builds the query path with an url-encoded search filter" time="0.0412" asserts="0" success="True" result="Success" executed="True" />
              <test-case description="passes a custom incremental filter through to the search payload" name="Invoke-ImperionAutotaskRequest.passes a custom incremental filter through to the search payload" time="0.0325" asserts="0" success="True" result="Success" executed="True" />
              <test-case description="does not throw when the response omits items or pageDetails (StrictMode-safe)" name="Invoke-ImperionAutotaskRequest.does not throw when the response omits items or pageDetails (StrictMode-safe)" time="0.0352" asserts="0" success="True" result="Success" executed="True" />
            </results>
          </test-suite>
        </results>
      </test-suite>
      <test-suite type="TestFixture" name="C:\Development\GitHub\ImperionCRM_LocalPipelineEnrichment\tests\Invoke-ImperionAzureInventorySync.Tests.ps1" executed="True" result="Success" success="True" time="0.6351" asserts="0" description="C:\Development\GitHub\ImperionCRM_LocalPipelineEnrichment\tests\Invoke-ImperionAzureInventorySync.Tests.ps1">
        <results>
          <test-suite type="TestFixture" name="Invoke-ImperionAzureInventorySync" executed="True" result="Success" success="True" time="0.2261" asserts="0" description="Invoke-ImperionAzureInventorySync">
            <results>
              <test-case description="does not throw and flattens a resource that has no tags or sku" name="Invoke-ImperionAzureInventorySync.does not throw and flattens a resource that has no tags or sku" time="0.1616" asserts="0" success="True" result="Success" executed="True" />
              <test-case description="joins resource tags into the flat cell when present" name="Invoke-ImperionAzureInventorySync.joins resource tags into the flat cell when present" time="0.0618" asserts="0" success="True" result="Success" executed="True" />
            </results>
          </test-suite>
        </results>
      </test-suite>
      <test-suite type="TestFixture" name="C:\Development\GitHub\ImperionCRM_LocalPipelineEnrichment\tests\Invoke-ImperionBronzeUpsert.Tests.ps1" executed="True" result="Success" success="True" time="0.6026" asserts="0" description="C:\Development\GitHub\ImperionCRM_LocalPipelineEnrichment\tests\Invoke-ImperionBronzeUpsert.Tests.ps1">
        <results>
          <test-suite type="TestFixture" name="Invoke-ImperionBronzeUpsert" executed="True" result="Success" success="True" time="0.1887" asserts="0" description="Invoke-ImperionBronzeUpsert">
            <results>
              <test-case description="returns a zero tally without touching the DB for empty input" name="Invoke-ImperionBronzeUpsert.returns a zero tally without touching the DB for empty input" time="0.021" asserts="0" success="True" result="Success" executed="True" />
              <test-case description="counts inserted / updated / unchanged from the RETURNING reader" name="Invoke-ImperionBronzeUpsert.counts inserted / updated / unchanged from the RETURNING reader" time="0.1092" asserts="0" success="True" result="Success" executed="True" />
              <test-case description="emits change-detecting upsert SQL (ON CONFLICT + content_hash guard + RETURNING xmax)" name="Invoke-ImperionBronzeUpsert.emits change-detecting upsert SQL (ON CONFLICT + content_hash guard + RETURNING xmax)" time="0.0158" asserts="0" success="True" result="Success" executed="True" />
              <test-case description="casts JSON columns to jsonb and binds one parameter per cell" name="Invoke-ImperionBronzeUpsert.casts JSON columns to jsonb and binds one parameter per cell" time="0.0129" asserts="0" success="True" result="Success" executed="True" />
              <test-case description="honors custom key columns in the conflict target" name="Invoke-ImperionBronzeUpsert.honors custom key columns in the conflict target" time="0.0113" asserts="0" success="True" result="Success" executed="True" />
              <test-case description="-NoChangeDetect omits the content_hash guard (ADR-0039 per-source shape)" name="Invoke-ImperionBronzeUpsert.-NoChangeDetect omits the content_hash guard (ADR-0039 per-source shape)" time="0.013" asserts="0" success="True" result="Success" executed="True" />
            </results>
          </test-suite>
        </results>
      </test-suite>
      <test-suite type="TestFixture" name="C:\Development\GitHub\ImperionCRM_LocalPipelineEnrichment\tests\Invoke-ImperionDarkWebIdRequest.Tests.ps1" executed="True" result="Success" success="True" time="0.5264" asserts="0" description="C:\Development\GitHub\ImperionCRM_LocalPipelineEnrichment\tests\Invoke-ImperionDarkWebIdRequest.Tests.ps1">
        <results>
          <test-suite type="TestFixture" name="Invoke-ImperionDarkWebIdRequest" executed="True" result="Success" success="True" time="0.1264" asserts="0" description="Invoke-ImperionDarkWebIdRequest">
            <results>
              <test-case description="sends a bearer api key and returns the data collection" name="Invoke-ImperionDarkWebIdRequest.sends a bearer api key and returns the data collection" time="0.0486" asserts="0" success="True" result="Success" executed="True" />
              <test-case description="follows the JSON:API links.next cursor across pages" name="Invoke-ImperionDarkWebIdRequest.follows the JSON:API links.next cursor across pages" time="0.0328" asserts="0" success="True" result="Success" executed="True" />
              <test-case description="does not throw when neither data nor links is present (StrictMode-safe)" name="Invoke-ImperionDarkWebIdRequest.does not throw when neither data nor links is present (StrictMode-safe)" time="0.0422" asserts="0" success="True" result="Success" executed="True" />
            </results>
          </test-suite>
        </results>
      </test-suite>
      <test-suite type="TestFixture" name="C:\Development\GitHub\ImperionCRM_LocalPipelineEnrichment\tests\Invoke-ImperionDbNonQuery.Tests.ps1" executed="True" result="Success" success="True" time="0.4691" asserts="0" description="C:\Development\GitHub\ImperionCRM_LocalPipelineEnrichment\tests\Invoke-ImperionDbNonQuery.Tests.ps1">
        <results>
          <test-suite type="TestFixture" name="Invoke-ImperionDbNonQuery" executed="True" result="Success" success="True" time="0.062" asserts="0" description="Invoke-ImperionDbNonQuery">
            <results>
              <test-case description="returns the affected row count from ExecuteNonQuery" name="Invoke-ImperionDbNonQuery.returns the affected row count from ExecuteNonQuery" time="0.0344" asserts="0" success="True" result="Success" executed="True" />
              <test-case description="binds named parameters (null -&gt; DBNull)" name="Invoke-ImperionDbNonQuery.binds named parameters (null -&gt; DBNull)" time="0.0132" asserts="0" success="True" result="Success" executed="True" />
              <test-case description="works with no parameters" name="Invoke-ImperionDbNonQuery.works with no parameters" time="0.0117" asserts="0" success="True" result="Success" executed="True" />
            </results>
          </test-suite>
        </results>
      </test-suite>
      <test-suite type="TestFixture" name="C:\Development\GitHub\ImperionCRM_LocalPipelineEnrichment\tests\Invoke-ImperionDbQuery.Tests.ps1" executed="True" result="Success" success="True" time="0.5367" asserts="0" description="C:\Development\GitHub\ImperionCRM_LocalPipelineEnrichment\tests\Invoke-ImperionDbQuery.Tests.ps1">
        <results>
          <test-suite type="TestFixture" name="Invoke-ImperionDbQuery" executed="True" result="Success" success="True" time="0.1131" asserts="0" description="Invoke-ImperionDbQuery">
            <results>
              <test-case description="maps each reader row to a PSCustomObject with the column values" name="Invoke-ImperionDbQuery.maps each reader row to a PSCustomObject with the column values" time="0.0745" asserts="0" success="True" result="Success" executed="True" />
              <test-case description="converts DBNull columns to $null" name="Invoke-ImperionDbQuery.converts DBNull columns to $null" time="0.0127" asserts="0" success="True" result="Success" executed="True" />
              <test-case description="returns an empty result for no rows" name="Invoke-ImperionDbQuery.returns an empty result for no rows" time="0.0108" asserts="0" success="True" result="Success" executed="True" />
              <test-case description="binds named parameters (null -&gt; DBNull)" name="Invoke-ImperionDbQuery.binds named parameters (null -&gt; DBNull)" time="0.0126" asserts="0" success="True" result="Success" executed="True" />
            </results>
          </test-suite>
        </results>
      </test-suite>
      <test-suite type="TestFixture" name="C:\Development\GitHub\ImperionCRM_LocalPipelineEnrichment\tests\Invoke-ImperionGraphRequest.Tests.ps1" executed="True" result="Success" success="True" time="0.5638" asserts="0" description="C:\Development\GitHub\ImperionCRM_LocalPipelineEnrichment\tests\Invoke-ImperionGraphRequest.Tests.ps1">
        <results>
          <test-suite type="TestFixture" name="Invoke-ImperionGraphRequest" executed="True" result="Success" success="True" time="0.1399" asserts="0" description="Invoke-ImperionGraphRequest">
            <results>
              <test-case description="returns all items and follows @odata.nextLink across pages" name="Invoke-ImperionGraphRequest.returns all items and follows @odata.nextLink across pages" time="0.037" asserts="0" success="True" result="Success" executed="True" />
              <test-case description="does not throw when the body has no value or nextLink (single resource)" name="Invoke-ImperionGraphRequest.does not throw when the body has no value or nextLink (single resource)" time="0.0316" asserts="0" success="True" result="Success" executed="True" />
              <test-case description="sends the bearer token and ConsistencyLevel header" name="Invoke-ImperionGraphRequest.sends the bearer token and ConsistencyLevel header" time="0.0353" asserts="0" success="True" result="Success" executed="True" />
              <test-case description="expands a relative path and appends $select" name="Invoke-ImperionGraphRequest.expands a relative path and appends $select" time="0.0333" asserts="0" success="True" result="Success" executed="True" />
            </results>
          </test-suite>
        </results>
      </test-suite>
      <test-suite type="TestFixture" name="C:\Development\GitHub\ImperionCRM_LocalPipelineEnrichment\tests\Invoke-ImperionITGlueExport.Tests.ps1" executed="True" result="Success" success="True" time="0.5172" asserts="0" description="C:\Development\GitHub\ImperionCRM_LocalPipelineEnrichment\tests\Invoke-ImperionITGlueExport.Tests.ps1">
        <results>
          <test-suite type="TestFixture" name="Invoke-ImperionITGlueExport" executed="True" result="Success" success="True" time="0.1032" asserts="0" description="Invoke-ImperionITGlueExport">
            <results>
              <test-case description="exports records and does not throw when a record lacks attributes" name="Invoke-ImperionITGlueExport.exports records and does not throw when a record lacks attributes" time="0.1006" asserts="0" success="True" result="Success" executed="True" />
            </results>
          </test-suite>
        </results>
      </test-suite>
      <test-suite type="TestFixture" name="C:\Development\GitHub\ImperionCRM_LocalPipelineEnrichment\tests\Invoke-ImperionITGlueExportToBronze.Tests.ps1" executed="True" result="Success" success="True" time="0.6992" asserts="0" description="C:\Development\GitHub\ImperionCRM_LocalPipelineEnrichment\tests\Invoke-ImperionITGlueExportToBronze.Tests.ps1">
        <results>
          <test-suite type="TestFixture" name="Invoke-ImperionITGlueExportToBronze" executed="True" result="Success" success="True" time="0.2829" asserts="0" description="Invoke-ImperionITGlueExportToBronze">
            <results>
              <test-case description="routes a mixed batch by per-row entity, strips the discriminator, and sums the tallies" name="Invoke-ImperionITGlueExportToBronze.routes a mixed batch by per-row entity, strips the discriminator, and sums the tallies" time="0.0646" asserts="0" success="True" result="Success" executed="True" />
              <test-case description="applies -Entity to rows without a per-row discriminator" name="Invoke-ImperionITGlueExportToBronze.applies -Entity to rows without a per-row discriminator" time="0.0393" asserts="0" success="True" result="Success" executed="True" />
              <test-case description="fails loudly on an unknown entity (never invents a table)" name="Invoke-ImperionITGlueExportToBronze.fails loudly on an unknown entity (never invents a table)" time="0.0424" asserts="0" success="True" result="Success" executed="True" />
              <test-case description="throws when a row has no entity and no -Entity was supplied" name="Invoke-ImperionITGlueExportToBronze.throws when a row has no entity and no -Entity was supplied" time="0.0241" asserts="0" success="True" result="Success" executed="True" />
              <test-case description="reuses a supplied connection and does not open or dispose one" name="Invoke-ImperionITGlueExportToBronze.reuses a supplied connection and does not open or dispose one" time="0.0504" asserts="0" success="True" result="Success" executed="True" />
              <test-case description="writes nothing and opens no connection for empty input" name="Invoke-ImperionITGlueExportToBronze.writes nothing and opens no connection for empty input" time="0.0244" asserts="0" success="True" result="Success" executed="True" />
              <test-case description="honours -WhatIf: no upsert, no connection" name="Invoke-ImperionITGlueExportToBronze.honours -WhatIf: no upsert, no connection" time="0.035" asserts="0" success="True" result="Success" executed="True" />
            </results>
          </test-suite>
        </results>
      </test-suite>
      <test-suite type="TestFixture" name="C:\Development\GitHub\ImperionCRM_LocalPipelineEnrichment\tests\Invoke-ImperionITGlueRequest.Tests.ps1" executed="True" result="Success" success="True" time="0.566" asserts="0" description="C:\Development\GitHub\ImperionCRM_LocalPipelineEnrichment\tests\Invoke-ImperionITGlueRequest.Tests.ps1">
        <results>
[...]
              <test-case description="projects standard-envelope rows to external_ref/payload_bronze and upserts itglue_contacts with -NoChangeDetect" name="Set-ImperionITGlueContactToBronze.projects standard-envelope rows to external_ref/payload_bronze and upserts itglue_contacts with -NoChangeDetect" time="0.0341" asserts="0" success="True" result="Success" executed="True" />
              <test-case description="reuses a supplied connection and does not open or dispose one" name="Set-ImperionITGlueContactToBronze.reuses a supplied connection and does not open or dispose one" time="0.0375" asserts="0" success="True" result="Success" executed="True" />
              <test-case description="writes nothing and opens no connection for empty input" name="Set-ImperionITGlueContactToBronze.writes nothing and opens no connection for empty input" time="0.0237" asserts="0" success="True" result="Success" executed="True" />
              <test-case description="honours -WhatIf: no upsert, no connection" name="Set-ImperionITGlueContactToBronze.honours -WhatIf: no upsert, no connection" time="0.0316" asserts="0" success="True" result="Success" executed="True" />
            </results>
          </test-suite>
        </results>
      </test-suite>
      <test-suite type="TestFixture" name="C:\Development\GitHub\ImperionCRM_LocalPipelineEnrichment\tests\Set-ImperionITGlueFlexibleAsset.Tests.ps1" executed="True" result="Success" success="True" time="0.5985" asserts="0" description="C:\Development\GitHub\ImperionCRM_LocalPipelineEnrichment\tests\Set-ImperionITGlueFlexibleAsset.Tests.ps1">
        <results>
          <test-suite type="TestFixture" name="Set-ImperionITGlueFlexibleAsset" executed="True" result="Success" success="True" time="0.1411" asserts="0" description="Set-ImperionITGlueFlexibleAsset">
            <results>
              <test-case description="updates (PATCH) an existing asset matched by the key trait" name="Set-ImperionITGlueFlexibleAsset.updates (PATCH) an existing asset matched by the key trait" time="0.0645" asserts="0" success="True" result="Success" executed="True" />
              <test-case description="does not throw and creates (POST) when an existing asset lacks the match trait" name="Set-ImperionITGlueFlexibleAsset.does not throw and creates (POST) when an existing asset lacks the match trait" time="0.0346" asserts="0" success="True" result="Success" executed="True" />
              <test-case description="throws when the type is missing and -CreateTypeIfMissing is not set" name="Set-ImperionITGlueFlexibleAsset.throws when the type is missing and -CreateTypeIfMissing is not set" time="0.0392" asserts="0" success="True" result="Success" executed="True" />
            </results>
          </test-suite>
        </results>
      </test-suite>
      <test-suite type="TestFixture" name="C:\Development\GitHub\ImperionCRM_LocalPipelineEnrichment\tests\Set-ImperionITGlueOrganizationToBronze.Tests.ps1" executed="True" result="Success" success="True" time="0.5769" asserts="0" description="C:\Development\GitHub\ImperionCRM_LocalPipelineEnrichment\tests\Set-ImperionITGlueOrganizationToBronze.Tests.ps1">
        <results>
          <test-suite type="TestFixture" name="Set-ImperionITGlueOrganizationToBronze" executed="True" result="Success" success="True" time="0.1317" asserts="0" description="Set-ImperionITGlueOrganizationToBronze">
            <results>
              <test-case description="projects standard-envelope rows to external_ref/payload_bronze and upserts itglue_companies with -NoChangeDetect" name="Set-ImperionITGlueOrganizationToBronze.projects standard-envelope rows to external_ref/payload_bronze and upserts itglue_companies with -NoChangeDetect" time="0.032" asserts="0" success="True" result="Success" executed="True" />
              <test-case description="reuses a supplied connection and does not open or dispose one" name="Set-ImperionITGlueOrganizationToBronze.reuses a supplied connection and does not open or dispose one" time="0.039" asserts="0" success="True" result="Success" executed="True" />
              <test-case description="writes nothing and opens no connection for empty input" name="Set-ImperionITGlueOrganizationToBronze.writes nothing and opens no connection for empty input" time="0.0249" asserts="0" success="True" result="Success" executed="True" />
              <test-case description="honours -WhatIf: no upsert, no connection" name="Set-ImperionITGlueOrganizationToBronze.honours -WhatIf: no upsert, no connection" time="0.0332" asserts="0" success="True" result="Success" executed="True" />
            </results>
          </test-suite>
        </results>
      </test-suite>
      <test-suite type="TestFixture" name="C:\Development\GitHub\ImperionCRM_LocalPipelineEnrichment\tests\Set-ImperionKnowledgeObject.Tests.ps1" executed="True" result="Success" success="True" time="0.5302" asserts="0" description="C:\Development\GitHub\ImperionCRM_LocalPipelineEnrichment\tests\Set-ImperionKnowledgeObject.Tests.ps1">
        <results>
          <test-suite type="TestFixture" name="Set-ImperionKnowledgeObject" executed="True" result="Success" success="True" time="0.1045" asserts="0" description="Set-ImperionKnowledgeObject">
            <results>
              <test-case description="classifies inserted / updated / unchanged from the RETURNING shape" name="Set-ImperionKnowledgeObject.classifies inserted / updated / unchanged from the RETURNING shape" time="0.0555" asserts="0" success="True" result="Success" executed="True" />
              <test-case description="returns a zero tally for empty input without touching the database" name="Set-ImperionKnowledgeObject.returns a zero tally for empty input without touching the database" time="0.0223" asserts="0" success="True" result="Success" executed="True" />
              <test-case description="honours -WhatIf (no writes)" name="Set-ImperionKnowledgeObject.honours -WhatIf (no writes)" time="0.024" asserts="0" success="True" result="Success" executed="True" />
            </results>
          </test-suite>
        </results>
      </test-suite>
      <test-suite type="TestFixture" name="C:\Development\GitHub\ImperionCRM_LocalPipelineEnrichment\tests\Set-ImperionM365DeviceToBronze.Tests.ps1" executed="True" result="Success" success="True" time="0.5382" asserts="0" description="C:\Development\GitHub\ImperionCRM_LocalPipelineEnrichment\tests\Set-ImperionM365DeviceToBronze.Tests.ps1">
        <results>
          <test-suite type="TestFixture" name="Set-ImperionM365DeviceToBronze" executed="True" result="Success" success="True" time="0.1313" asserts="0" description="Set-ImperionM365DeviceToBronze">
            <results>
              <test-case description="projects standard-envelope rows to external_ref/payload_bronze and upserts m365_devices with -NoChangeDetect" name="Set-ImperionM365DeviceToBronze.projects standard-envelope rows to external_ref/payload_bronze and upserts m365_devices with -NoChangeDetect" time="0.0324" asserts="0" success="True" result="Success" executed="True" />
              <test-case description="reuses a supplied connection and does not open or dispose one" name="Set-ImperionM365DeviceToBronze.reuses a supplied connection and does not open or dispose one" time="0.0379" asserts="0" success="True" result="Success" executed="True" />
              <test-case description="writes nothing and opens no connection for empty input" name="Set-ImperionM365DeviceToBronze.writes nothing and opens no connection for empty input" time="0.0236" asserts="0" success="True" result="Success" executed="True" />
              <test-case description="honours -WhatIf: no upsert, no connection" name="Set-ImperionM365DeviceToBronze.honours -WhatIf: no upsert, no connection" time="0.0347" asserts="0" success="True" result="Success" executed="True" />
            </results>
          </test-suite>
        </results>
      </test-suite>
      <test-suite type="TestFixture" name="C:\Development\GitHub\ImperionCRM_LocalPipelineEnrichment\tests\Set-ImperionM365UserToBronze.Tests.ps1" executed="True" result="Success" success="True" time="0.5436" asserts="0" description="C:\Development\GitHub\ImperionCRM_LocalPipelineEnrichment\tests\Set-ImperionM365UserToBronze.Tests.ps1">
        <results>
          <test-suite type="TestFixture" name="Set-ImperionM365UserToBronze" executed="True" result="Success" success="True" time="0.1328" asserts="0" description="Set-ImperionM365UserToBronze">
            <results>
              <test-case description="projects standard-envelope rows to external_ref/payload_bronze and upserts m365_contacts with -NoChangeDetect" name="Set-ImperionM365UserToBronze.projects standard-envelope rows to external_ref/payload_bronze and upserts m365_contacts with -NoChangeDetect" time="0.0322" asserts="0" success="True" result="Success" executed="True" />
              <test-case description="reuses a supplied connection and does not open or dispose one" name="Set-ImperionM365UserToBronze.reuses a supplied connection and does not open or dispose one" time="0.0385" asserts="0" success="True" result="Success" executed="True" />
              <test-case description="writes nothing and opens no connection for empty input" name="Set-ImperionM365UserToBronze.writes nothing and opens no connection for empty input" time="0.0244" asserts="0" success="True" result="Success" executed="True" />
              <test-case description="honours -WhatIf: no upsert, no connection" name="Set-ImperionM365UserToBronze.honours -WhatIf: no upsert, no connection" time="0.0349" asserts="0" success="True" result="Success" executed="True" />
            </results>
          </test-suite>
        </results>
      </test-suite>
      <test-suite type="TestFixture" name="C:\Development\GitHub\ImperionCRM_LocalPipelineEnrichment\tests\Set-ImperionPolicyGoldenState.Tests.ps1" executed="True" result="Success" success="True" time="0.5697" asserts="0" description="C:\Development\GitHub\ImperionCRM_LocalPipelineEnrichment\tests\Set-ImperionPolicyGoldenState.Tests.ps1">
        <results>
          <test-suite type="TestFixture" name="Set-ImperionPolicyGoldenState" executed="True" result="Success" success="True" time="0.1595" asserts="0" description="Set-ImperionPolicyGoldenState">
            <results>
              <test-case description="targets a single policy with an external_id filter and the id parameter" name="Set-ImperionPolicyGoldenState.targets a single policy with an external_id filter and the id parameter" time="0.0601" asserts="0" success="True" result="Success" executed="True" />
              <test-case description="baselines every policy of the type with -All (no external_id filter, no id param)" name="Set-ImperionPolicyGoldenState.baselines every policy of the type with -All (no external_id filter, no id param)" time="0.0379" asserts="0" success="True" result="Success" executed="True" />
              <test-case description="does not write when -WhatIf is supplied (ShouldProcess)" name="Set-ImperionPolicyGoldenState.does not write when -WhatIf is supplied (ShouldProcess)" time="0.0244" asserts="0" success="True" result="Success" executed="True" />
              <test-case description="returns the affected row count" name="Set-ImperionPolicyGoldenState.returns the affected row count" time="0.0344" asserts="0" success="True" result="Success" executed="True" />
            </results>
          </test-suite>
        </results>
      </test-suite>
      <test-suite type="TestFixture" name="C:\Development\GitHub\ImperionCRM_LocalPipelineEnrichment\tests\Set-ImperionTelivyReportToBronze.Tests.ps1" executed="True" result="Success" success="True" time="0.4662" asserts="0" description="C:\Development\GitHub\ImperionCRM_LocalPipelineEnrichment\tests\Set-ImperionTelivyReportToBronze.Tests.ps1">
        <results>
          <test-suite type="TestFixture" name="Set-ImperionTelivyReportToBronze" executed="True" result="Success" success="True" time="0.058" asserts="0" description="Set-ImperionTelivyReportToBronze">
            <results>
              <test-case description="projects standard-envelope rows to external_ref/payload_bronze and upserts with -NoChangeDetect" name="Set-ImperionTelivyReportToBronze.projects standard-envelope rows to external_ref/payload_bronze and upserts with -NoChangeDetect" time="0.032" asserts="0" success="True" result="Success" executed="True" />
              <test-case description="writes nothing for empty input" name="Set-ImperionTelivyReportToBronze.writes nothing for empty input" time="0.0234" asserts="0" success="True" result="Success" executed="True" />
            </results>
          </test-suite>
        </results>
      </test-suite>
      <test-suite type="TestFixture" name="C:\Development\GitHub\ImperionCRM_LocalPipelineEnrichment\tests\Split-ImperionTextChunk.Tests.ps1" executed="True" result="Success" success="True" time="0.4893" asserts="0" description="C:\Development\GitHub\ImperionCRM_LocalPipelineEnrichment\tests\Split-ImperionTextChunk.Tests.ps1">
        <results>
          <test-suite type="TestFixture" name="Split-ImperionTextChunk" executed="True" result="Success" success="True" time="0.0819" asserts="0" description="Split-ImperionTextChunk">
            <results>
              <test-case description="returns nothing for empty / whitespace input" name="Split-ImperionTextChunk.returns nothing for empty / whitespace input" time="0.0103" asserts="0" success="True" result="Success" executed="True" />
              <test-case description="returns one trimmed chunk when the text fits" name="Split-ImperionTextChunk.returns one trimmed chunk when the text fits" time="0.0101" asserts="0" success="True" result="Success" executed="True" />
              <test-case description="splits long text into multiple chunks no larger than MaxChars" name="Split-ImperionTextChunk.splits long text into multiple chunks no larger than MaxChars" time="0.0248" asserts="0" success="True" result="Success" executed="True" />
              <test-case description="carries overlap so adjacent chunks share boundary context" name="Split-ImperionTextChunk.carries overlap so adjacent chunks share boundary context" time="0.0128" asserts="0" success="True" result="Success" executed="True" />
              <test-case description="prefers a paragraph boundary near the window end" name="Split-ImperionTextChunk.prefers a paragraph boundary near the window end" time="0.0098" asserts="0" success="True" result="Success" executed="True" />
              <test-case description="is deterministic — same input, same chunks" name="Split-ImperionTextChunk.is deterministic — same input, same chunks" time="0.0114" asserts="0" success="True" result="Success" executed="True" />
            </results>
          </test-suite>
        </results>
      </test-suite>
      <test-suite type="TestFixture" name="C:\Development\GitHub\ImperionCRM_LocalPipelineEnrichment\tests\Test-ImperionCrossOrgComm.Tests.ps1" executed="True" result="Success" success="True" time="0.602" asserts="0" description="C:\Development\GitHub\ImperionCRM_LocalPipelineEnrichment\tests\Test-ImperionCrossOrgComm.Tests.ps1">
        <results>
          <test-suite type="TestFixture" name="Test-ImperionCrossOrgComm" executed="True" result="Success" success="True" time="0.1687" asserts="0" description="Test-ImperionCrossOrgComm">
            <results>
              <test-suite type="TestFixture" name="Test-ImperionCrossOrgComm.ImperionTenant mode (collecting @imperionllc.com)" executed="True" result="Success" success="True" time="0.0843" asserts="0" description="Test-ImperionCrossOrgComm.ImperionTenant mode (collecting @imperionllc.com)">
                <results>
                  <test-case description="keeps a thread that includes a known client domain" name="Test-ImperionCrossOrgComm.ImperionTenant mode (collecting @imperionllc.com).keeps a thread that includes a known client domain" time="0.0269" asserts="0" success="True" result="Success" executed="True" />
                  <test-case description="drops an internal-only Imperion thread" name="Test-ImperionCrossOrgComm.ImperionTenant mode (collecting @imperionllc.com).drops an internal-only Imperion thread" time="0.0189" asserts="0" success="True" result="Success" executed="True" />
                  <test-case description="drops a thread with a non-client external domain (e.g. a vendor)" name="Test-ImperionCrossOrgComm.ImperionTenant mode (collecting @imperionllc.com).drops a thread with a non-client external domain (e.g. a vendor)" time="0.0178" asserts="0" success="True" result="Success" executed="True" />
                  <test-case description="is case-insensitive on the client domain" name="Test-ImperionCrossOrgComm.ImperionTenant mode (collecting @imperionllc.com).is case-insensitive on the client domain" time="0.0181" asserts="0" success="True" result="Success" executed="True" />
                </results>
              </test-suite>
              <test-suite type="TestFixture" name="Test-ImperionCrossOrgComm.ClientTenant mode (collecting a customer tenant via GDAP)" executed="True" result="Success" success="True" time="0.1401" asserts="0" description="Test-ImperionCrossOrgComm.ClientTenant mode (collecting a customer tenant via GDAP)">
                <results>
                  <test-case description="keeps a thread that includes @imperionllc.com" name="Test-ImperionCrossOrgComm.ClientTenant mode (collecting a customer tenant via GDAP).keeps a thread that includes @imperionllc.com" time="0.0186" asserts="0" success="True" result="Success" executed="True" />
                  <test-case description="drops a client-internal thread" name="Test-ImperionCrossOrgComm.ClientTenant mode (collecting a customer tenant via GDAP).drops a client-internal thread" time="0.0173" asserts="0" success="True" result="Success" executed="True" />
                  <test-case description="honors a custom ImperionDomain" name="Test-ImperionCrossOrgComm.ClientTenant mode (collecting a customer tenant via GDAP).honors a custom ImperionDomain" time="0.0174" asserts="0" success="True" result="Success" executed="True" />
                </results>
              </test-suite>
              <test-case description="ignores blank/invalid addresses without throwing" name="Test-ImperionCrossOrgComm.ignores blank/invalid addresses without throwing" time="0.0258" asserts="0" success="True" result="Success" executed="True" />
            </results>
          </test-suite>
        </results>
      </test-suite>
      <test-suite type="TestFixture" name="C:\Development\GitHub\ImperionCRM_LocalPipelineEnrichment\tests\Write-ImperionLog.Tests.ps1" executed="True" result="Success" success="True" time="0.4973" asserts="0" description="C:\Development\GitHub\ImperionCRM_LocalPipelineEnrichment\tests\Write-ImperionLog.Tests.ps1">
        <results>
          <test-suite type="TestFixture" name="Write-ImperionLog" executed="True" result="Success" success="True" time="0.0946" asserts="0" description="Write-ImperionLog">
            <results>
              <test-case description="appends a structured JSON line with run fields and merged data" name="Write-ImperionLog.appends a structured JSON line with run fields and merged data" time="0.047" asserts="0" success="True" result="Success" executed="True" />
              <test-case description="defaults level to Info and source to pipeline" name="Write-ImperionLog.defaults level to Info and source to pipeline" time="0.0186" asserts="0" success="True" result="Success" executed="True" />
              <test-case description="creates the log directory if it does not exist" name="Write-ImperionLog.creates the log directory if it does not exist" time="0.0144" asserts="0" success="True" result="Success" executed="True" />
            </results>
          </test-suite>
        </results>
      </test-suite>
    </results>
  </test-suite>
</test-results>